Temp/gradleOut/launcher/build/intermediates/manifest_merge_blame_file/release/manifest-merger-blame-release-report.txt
1<?xml version="1.0" encoding="utf-8"?>
2<!-- GENERATED BY UNITY. REMOVE THIS COMMENT TO PREVENT OVERWRITING WHEN EXPORTING AGAIN -->
3<manifest xmlns:android="http://schemas.android.com/apk/res/android"
4    package="com.DefaultCompany.Brain"
5    android:installLocation="preferExternal"
6    android:versionCode="1"
7    android:versionName="1.0" >
8
9    <uses-sdk
10        android:minSdkVersion="19"
10-->src\main\AndroidManifest.xml
11        android:targetSdkVersion="29" />
11-->src\main\AndroidManifest.xml
12
13    <supports-screens
13-->src\main\AndroidManifest.xml:4:3-163
14        android:anyDensity="true"
14-->src\main\AndroidManifest.xml:4:135-160
15        android:largeScreens="true"
15-->src\main\AndroidManifest.xml:4:78-105
16        android:normalScreens="true"
16-->src\main\AndroidManifest.xml:4:49-77
17        android:smallScreens="true"
17-->src\main\AndroidManifest.xml:4:21-48
18        android:xlargeScreens="true" />
18-->src\main\AndroidManifest.xml:4:106-134
19
20    <uses-feature android:glEsVersion="0x00030000" />
20-->[:unityLibrary] AndroidManifest.xml:13:5-54
20-->[:unityLibrary] AndroidManifest.xml:13:19-51
21    <uses-feature
21-->[:unityLibrary] AndroidManifest.xml:14:5-16:36
22        android:name="android.hardware.vulkan.version"
22-->[:unityLibrary] AndroidManifest.xml:15:9-55
23        android:required="false" />
23-->[:unityLibrary] AndroidManifest.xml:16:9-33
24
25    <uses-permission android:name="android.permission.INTERNET" />
25-->[:unityLibrary] AndroidManifest.xml:18:5-67
25-->[:unityLibrary] AndroidManifest.xml:18:22-64
26
27    <uses-feature
27-->[:unityLibrary] AndroidManifest.xml:20:5-22:36
28        android:name="android.hardware.sensor.accelerometer"
28-->[:unityLibrary] AndroidManifest.xml:21:9-61
29        android:required="false" />
29-->[:unityLibrary] AndroidManifest.xml:22:9-33
30    <uses-feature
30-->[:unityLibrary] AndroidManifest.xml:23:5-25:36
31        android:name="android.hardware.touchscreen"
31-->[:unityLibrary] AndroidManifest.xml:24:9-52
32        android:required="false" />
32-->[:unityLibrary] AndroidManifest.xml:25:9-33
33    <uses-feature
33-->[:unityLibrary] AndroidManifest.xml:26:5-28:36
34        android:name="android.hardware.touchscreen.multitouch"
34-->[:unityLibrary] AndroidManifest.xml:27:9-63
35        android:required="false" />
35-->[:unityLibrary] AndroidManifest.xml:28:9-33
36    <uses-feature
36-->[:unityLibrary] AndroidManifest.xml:29:5-31:36
37        android:name="android.hardware.touchscreen.multitouch.distinct"
37-->[:unityLibrary] AndroidManifest.xml:30:9-72
38        android:required="false" />
38-->[:unityLibrary] AndroidManifest.xml:31:9-33
39
40    <queries>
40-->[:NativeShare:] AndroidManifest.xml:13:2-22:12
41        <intent>
41-->[:NativeShare:] AndroidManifest.xml:14:3-17:12
42            <action android:name="android.intent.action.SEND" />
42-->[:NativeShare:] AndroidManifest.xml:15:4-56
42-->[:NativeShare:] AndroidManifest.xml:15:12-53
43
44            <data android:mimeType="*/*" />
44-->[:NativeShare:] AndroidManifest.xml:16:4-35
44-->[:NativeShare:] AndroidManifest.xml:16:10-32
45        </intent>
46        <intent>
46-->[:NativeShare:] AndroidManifest.xml:14:3-17:12
47            <action android:name="android.intent.action.SEND_MULTIPLE" />
48
49            <data android:mimeType="*/*" />
49-->[:NativeShare:] AndroidManifest.xml:16:4-35
49-->[:NativeShare:] AndroidManifest.xml:16:10-32
50        </intent>
51    </queries>
52
53    <application
53-->src\main\AndroidManifest.xml:5:3-116
54        android:extractNativeLibs="true"
54-->src\main\AndroidManifest.xml:5:16-48
55        android:icon="@mipmap/app_icon"
55-->src\main\AndroidManifest.xml:5:82-113
56        android:label="@string/app_name" >
56-->src\main\AndroidManifest.xml:5:49-81
57        <activity
57-->[:unityLibrary] AndroidManifest.xml:34:9-53:20
58            android:name="com.unity3d.player.UnityPlayerActivity"
58-->[:unityLibrary] AndroidManifest.xml:35:13-66
59            android:configChanges="mcc|mnc|locale|touchscreen|keyboard|keyboardHidden|navigation|orientation|screenLayout|uiMode|screenSize|smallestScreenSize|fontScale|layoutDirection|density"
59-->[:unityLibrary] AndroidManifest.xml:36:13-194
60            android:hardwareAccelerated="false"
60-->[:unityLibrary] AndroidManifest.xml:37:13-48
61            android:launchMode="singleTask"
61-->[:unityLibrary] AndroidManifest.xml:38:13-44
62            android:screenOrientation="portrait"
62-->[:unityLibrary] AndroidManifest.xml:39:13-49
63            android:theme="@style/UnityThemeSelector" >
63-->[:unityLibrary] AndroidManifest.xml:40:13-54
64            <intent-filter>
64-->[:unityLibrary] AndroidManifest.xml:41:13-45:29
65                <action android:name="android.intent.action.MAIN" />
65-->[:unityLibrary] AndroidManifest.xml:42:17-69
65-->[:unityLibrary] AndroidManifest.xml:42:25-66
66
67                <category android:name="android.intent.category.LAUNCHER" />
67-->[:unityLibrary] AndroidManifest.xml:44:17-77
67-->[:unityLibrary] AndroidManifest.xml:44:27-74
68            </intent-filter>
69
70            <meta-data
70-->[:unityLibrary] AndroidManifest.xml:47:13-49:40
71                android:name="unityplayer.UnityActivity"
71-->[:unityLibrary] AndroidManifest.xml:48:17-57
72                android:value="true" />
72-->[:unityLibrary] AndroidManifest.xml:49:17-37
73            <meta-data
73-->[:unityLibrary] AndroidManifest.xml:50:13-52:40
74                android:name="android.notch_support"
74-->[:unityLibrary] AndroidManifest.xml:51:17-53
75                android:value="true" />
75-->[:unityLibrary] AndroidManifest.xml:52:17-37
76        </activity>
77
78        <meta-data
78-->[:unityLibrary] AndroidManifest.xml:55:9-57:33
79            android:name="unity.splash-mode"
79-->[:unityLibrary] AndroidManifest.xml:56:13-45
80            android:value="0" />
80-->[:unityLibrary] AndroidManifest.xml:57:13-30
81        <meta-data
81-->[:unityLibrary] AndroidManifest.xml:58:9-60:36
82            android:name="unity.splash-enable"
82-->[:unityLibrary] AndroidManifest.xml:59:13-47
83            android:value="True" />
83-->[:unityLibrary] AndroidManifest.xml:60:13-33
84        <meta-data
84-->[:unityLibrary] AndroidManifest.xml:61:9-63:50
85            android:name="notch.config"
85-->[:unityLibrary] AndroidManifest.xml:62:13-40
86            android:value="portrait|landscape" />
86-->[:unityLibrary] AndroidManifest.xml:63:13-47
87        <meta-data
87-->[:unityLibrary] AndroidManifest.xml:64:9-66:68
88            android:name="unity.build-id"
88-->[:unityLibrary] AndroidManifest.xml:65:13-42
89            android:value="a7e85b82-d43d-4ae1-9dc0-e5a4da4ec14a" />
89-->[:unityLibrary] AndroidManifest.xml:66:13-65
90
91        <activity
91-->[:NativeShare:] AndroidManifest.xml:4:3-145
92            android:name="com.yasirkula.unity.NativeShareCustomShareDialogActivity"
92-->[:NativeShare:] AndroidManifest.xml:4:13-65
93            android:exported="false"
93-->[:NativeShare:] AndroidManifest.xml:4:118-142
94            android:theme="@style/Theme.NativeShareTransparent" />
94-->[:NativeShare:] AndroidManifest.xml:4:66-117
95
96        <receiver
96-->[:NativeShare:] AndroidManifest.xml:5:3-85
97            android:name="com.yasirkula.unity.NativeShareBroadcastListener"
97-->[:NativeShare:] AndroidManifest.xml:5:13-57
98            android:exported="false" />
98-->[:NativeShare:] AndroidManifest.xml:5:58-82
99
100        <provider
100-->[:NativeShare:] AndroidManifest.xml:6:3-10:42
101            android:name="com.yasirkula.unity.NativeShareContentProvider"
101-->[:NativeShare:] AndroidManifest.xml:7:5-66
102            android:authorities="com.DefaultCompany.Brain.NativeShareContentProvider"
102-->[:NativeShare:] AndroidManifest.xml:8:5-70
103            android:exported="false"
103-->[:NativeShare:] AndroidManifest.xml:9:5-29
104            android:grantUriPermissions="true" />
104-->[:NativeShare:] AndroidManifest.xml:10:5-39
105    </application>
106
107</manifest>